
> finefoods-material-ui@1.0.0 build /home/dell/Documents/projeto-prevent-auto-mecanica/apps/client
> tsc && vite build

vite v5.4.21 building for production...
transforming...
✓ 3542 modules transformed.
rendering chunks...
computing gzip size...
dist/index.html                                  2.78 kB │ gzip:   1.03 kB
dist/assets/index-C3oZCacC.js                    0.54 kB │ gzip:   0.32 kB
dist/assets/index-CHb3UZNT.js                    0.54 kB │ gzip:   0.32 kB
dist/assets/index-kq_wNHYu.js                    2.01 kB │ gzip:   0.93 kB
dist/assets/serviceOrderCatalog-w4Ygj1Sl.js      3.13 kB │ gzip:   1.38 kB
dist/assets/scheduling-CnEC7JpT.js               5.03 kB │ gzip:   2.00 kB
dist/assets/vehicles-kP_2H6FI.js                 5.80 kB │ gzip:   2.07 kB
dist/assets/index-C1Rra5ty.js                    7.82 kB │ gzip:   2.81 kB
dist/assets/index-Cz-zY4NT.js                    8.35 kB │ gzip:   3.09 kB
dist/assets/index-0CDUDNxf.js                   10.58 kB │ gzip:   3.51 kB
dist/assets/serviceOrderSignature-B95uzYqv.js   10.65 kB │ gzip:   3.03 kB
dist/assets/index-CT4odSyL.js                   10.90 kB │ gzip:   3.56 kB
dist/assets/index-WzEX2Iyz.js                   12.14 kB │ gzip:   3.33 kB
dist/assets/index-CXt6WLrg.js                   12.32 kB │ gzip:   4.17 kB
dist/assets/index-BI78nOcz.js                   13.83 kB │ gzip:   4.38 kB
dist/assets/index-BSR1gDxY.js                   16.66 kB │ gzip:   5.47 kB
dist/assets/index-D3BDt3eB.js                   22.09 kB │ gzip:   6.34 kB
dist/assets/index-Dhbwh9ue.js                   23.58 kB │ gzip:   7.62 kB
dist/assets/mui-icons-D-2h0ZFP.js               26.39 kB │ gzip:  10.26 kB
dist/assets/index-CN-yE9Bj.js                   30.86 kB │ gzip:   9.03 kB
dist/assets/index-DHPaVGVX.js                   34.65 kB │ gzip:   8.16 kB
dist/assets/router-Bj_ImPfc.js                  37.70 kB │ gzip:  13.62 kB
dist/assets/index-aPGPVD6C.js                   55.64 kB │ gzip:  17.98 kB
dist/assets/i18n-BTvNzQg3.js                    58.94 kB │ gzip:  17.37 kB
dist/assets/utils-EpPXakgG.js                   61.78 kB │ gzip:  22.33 kB
dist/assets/forms-CmDFf-Xz.js                   65.29 kB │ gzip:  21.01 kB
dist/assets/http-D7UYv2X2.js                    76.15 kB │ gzip:  27.20 kB
dist/assets/editor-C6hIqSqS.js                  92.38 kB │ gzip:  29.22 kB
dist/assets/mui-x-D451kY8E.js                  182.79 kB │ gzip:  51.55 kB
dist/assets/react-vendor-Do4nR42Q.js           193.70 kB │ gzip:  60.41 kB
dist/assets/refine-C7fizulQ.js                 248.61 kB │ gzip:  80.05 kB
dist/assets/charts-DStlOjPa.js                 347.77 kB │ gzip:  91.32 kB
dist/assets/mui-DsAQ4pQM.js                    371.49 kB │ gzip: 111.59 kB
✓ built in 16.19s
